20.07.2024 12:00:01 :: INFO    :: [       __main__] [ 52] :: 
20.07.2024 12:00:01 :: INFO    :: [       __main__] [ 53] :: ---------- starting /Users/ralphfollrichs/Projects/hoco/progs/hoco.py ----------
20.07.2024 12:00:06 :: INFO    :: [       __main__] [ 58] :: Device server started on Air-von-Ralph
20.07.2024 12:00:06 :: INFO    :: [       __main__] [ 62] :: {'shellyplug-083A8DF437C7': {'Hardware': 'Shelly', 'Type': 'SHPLG2-1', 'time': 60, 'rrd': 'rrd-file.rrd', 'Diagram': 'some_definitons', 'modul': 'modulname_fuer_SHPLG2-1'}, 'Buero_68_C6_3A_87_FA_CE': {'Hardware': 'NODEMCU', 'Type': 'DS1820', 'time': 300, 'rrd': 'rrd-file.rrd', 'Diagram': 'some_definitons', 'modul': 'modulname_fuer_DS1820'}, 'ToF_Sensor_BC_DD_C2_24_3B_F4': {'Hardware': 'D1MINI', 'Type': 'ToF', 'time': 150, 'rrd': 'rrd-file.rrd', 'Diagram': 'some_definitons', 'modul': 'modulname_fuer_ToF'}, 'Palisade_DC_4F_22_0A_F5_52': {'Hardware': 'SONOFF_S20', 'Type': 'Switch', 'time': 150, 'rrd': 'rrd-file.rrd', 'Diagram': 'some_definitons', 'modul': 'modulname_fuer_Switch'}, 'NeuesTeil_AA_BB_CC_DD_EE_FF': {'Hardware': 'Shelly', 'Type': 'SHSWT', 'time': 150, 'rrd': 'rrd-file.rrd', 'Diagram': 'some_definitons', 'modul': 'modulname_fuer_Shelly_SHSWT'}}
20.07.2024 12:00:06 :: INFO    :: [       __main__] [ 67] :: Hardware: Shelly - Type: SHPLG2-1
20.07.2024 12:00:06 :: INFO    :: [       __main__] [ 68] :: {'shellyplug-083A8DF437C7': {'Hardware': 'Shelly', 'Type': 'SHPLG2-1', 'time': 60, 'rrd': 'rrd-file.rrd', 'Diagram': 'some_definitons', 'modul': 'modulname_fuer_SHPLG2-1'}}
20.07.2024 12:00:06 :: INFO    :: [       __main__] [ 69] :: 
20.07.2024 12:00:06 :: INFO    :: [       __main__] [ 67] :: Hardware: NODEMCU - Type: DS1820
20.07.2024 12:00:06 :: INFO    :: [       __main__] [ 68] :: {'Buero_68_C6_3A_87_FA_CE': {'Hardware': 'NODEMCU', 'Type': 'DS1820', 'time': 300, 'rrd': 'rrd-file.rrd', 'Diagram': 'some_definitons', 'modul': 'modulname_fuer_DS1820'}}
20.07.2024 12:00:06 :: INFO    :: [       __main__] [ 69] :: 
20.07.2024 12:00:06 :: INFO    :: [       __main__] [ 67] :: Hardware: D1MINI - Type: ToF
20.07.2024 12:00:06 :: INFO    :: [       __main__] [ 68] :: {'ToF_Sensor_BC_DD_C2_24_3B_F4': {'Hardware': 'D1MINI', 'Type': 'ToF', 'time': 150, 'rrd': 'rrd-file.rrd', 'Diagram': 'some_definitons', 'modul': 'modulname_fuer_ToF'}}
20.07.2024 12:00:06 :: INFO    :: [       __main__] [ 69] :: 
20.07.2024 12:00:06 :: INFO    :: [       __main__] [ 67] :: Hardware: SONOFF_S20 - Type: Switch
20.07.2024 12:00:06 :: INFO    :: [       __main__] [ 68] :: {'Palisade_DC_4F_22_0A_F5_52': {'Hardware': 'SONOFF_S20', 'Type': 'Switch', 'time': 150, 'rrd': 'rrd-file.rrd', 'Diagram': 'some_definitons', 'modul': 'modulname_fuer_Switch'}}
20.07.2024 12:00:06 :: INFO    :: [       __main__] [ 69] :: 
20.07.2024 12:00:06 :: INFO    :: [       __main__] [ 67] :: Hardware: Shelly - Type: SHSWT
20.07.2024 12:00:06 :: INFO    :: [       __main__] [ 68] :: {'NeuesTeil_AA_BB_CC_DD_EE_FF': {'Hardware': 'Shelly', 'Type': 'SHSWT', 'time': 150, 'rrd': 'rrd-file.rrd', 'Diagram': 'some_definitons', 'modul': 'modulname_fuer_Shelly_SHSWT'}}
20.07.2024 12:00:06 :: INFO    :: [       __main__] [ 69] :: 
20.07.2024 12:00:06 :: INFO    :: [       __main__] [ 31] :: START: Gartenlampe - rpc/Shelly.GetComponents: --------------------->
20.07.2024 12:00:06 :: INFO    :: [       __main__] [ 32] :: {'components': [{'key': 'ble', 'status': {}, 'config': {'enable': False, 'rpc': {'enable': True}, 'observer': {'enable': False}}}, {'key': 'cloud', 'status': {'connected': True}, 'config': {'enable': True, 'server': 'shelly-116-eu.shelly.cloud:6022/jrpc'}}, {'key': 'input:0', 'status': {'id': 0, 'state': False}, 'config': {'id': 0, 'name': None, 'type': 'switch', 'enable': True, 'invert': False, 'factory_reset': True}}, {'key': 'mqtt', 'status': {'connected': False}, 'config': {'enable': False, 'server': None, 'client_id': 'shellyplus1-e465b8f0f750', 'user': None, 'ssl_ca': None, 'topic_prefix': 'shellyplus1-e465b8f0f750', 'rpc_ntf': True, 'status_ntf': False, 'use_client_cert': False, 'enable_rpc': True, 'enable_control': True}}, {'key': 'switch:0', 'status': {'id': 0, 'source': 'SHC', 'output': False, 'temperature': {'tC': 53.9, 'tF': 129.0}}, 'config': {'id': 0, 'name': None, 'in_mode': 'follow', 'initial_state': 'match_input', 'auto_on': False, 'auto_on_delay': 60.0, 'auto_off': False, 'auto_off_delay': 60.0}}, {'key': 'sys', 'status': {'mac': 'E465B8F0F750', 'restart_required': False, 'time': '12:00', 'unixtime': 1721469606, 'uptime': 72930, 'ram_size': 247164, 'ram_free': 142324, 'fs_size': 458752, 'fs_free': 135168, 'cfg_rev': 13, 'kvs_rev': 0, 'schedule_rev': 0, 'webhook_rev': 0, 'available_updates': {'beta': {'version': '1.4.0-beta2'}}, 'reset_reason': 3}, 'config': {'device': {'name': None, 'mac': 'E465B8F0F750', 'fw_id': '20240625-122558/1.3.3-gbdfd9b3', 'discoverable': True, 'eco_mode': False, 'addon_type': None}, 'location': {'tz': 'Europe/Berlin', 'lat': 52.311, 'lon': 9.6105}, 'debug': {'level': 2, 'file_level': None, 'mqtt': {'enable': False}, 'websocket': {'enable': False}, 'udp': {'addr': None}}, 'ui_data': {}, 'rpc_udp': {'dst_addr': None, 'listen_port': None}, 'sntp': {'server': 'time.google.com'}, 'cfg_rev': 13}}, {'key': 'wifi', 'status': {'sta_ip': '192.168.2.139', 'status': 'got ip', 'ssid': 'janzneu', 'rssi': -64}, 'config': {'ap': {'ssid': 'ShellyPlus1-E465B8F0F750', 'is_open': True, 'enable': False, 'range_extender': {'enable': False}}, 'sta': {'ssid': 'janzneu', 'is_open': False, 'enable': True, 'ipv4mode': 'dhcp', 'ip': None, 'netmask': None, 'gw': None, 'nameserver': None}, 'sta1': {'ssid': None, 'is_open': True, 'enable': False, 'ipv4mode': 'dhcp', 'ip': None, 'netmask': None, 'gw': None, 'nameserver': None}, 'roam': {'rssi_thr': -80, 'interval': 60}}}], 'cfg_rev': 13, 'offset': 0, 'total': 8}
20.07.2024 12:00:06 :: INFO    :: [       __main__] [ 33] :: END:   Gartenlampe - rpc/Shelly.GetComponents: --------------------->
20.07.2024 12:00:06 :: INFO    :: [       __main__] [ 31] :: START: Gartenlampe - rpc/Shelly.GetStatus: --------------------->
20.07.2024 12:00:06 :: INFO    :: [       __main__] [ 32] :: {'ble': {}, 'cloud': {'connected': True}, 'input:0': {'id': 0, 'state': False}, 'mqtt': {'connected': False}, 'switch:0': {'id': 0, 'source': 'SHC', 'output': False, 'temperature': {'tC': 53.8, 'tF': 128.8}}, 'sys': {'mac': 'E465B8F0F750', 'restart_required': False, 'time': '12:00', 'unixtime': 1721469606, 'uptime': 72930, 'ram_size': 247160, 'ram_free': 142880, 'fs_size': 458752, 'fs_free': 135168, 'cfg_rev': 13, 'kvs_rev': 0, 'schedule_rev': 0, 'webhook_rev': 0, 'available_updates': {'beta': {'version': '1.4.0-beta2'}}, 'reset_reason': 3}, 'wifi': {'sta_ip': '192.168.2.139', 'status': 'got ip', 'ssid': 'janzneu', 'rssi': -64}, 'ws': {'connected': False}}
20.07.2024 12:00:06 :: INFO    :: [       __main__] [ 33] :: END:   Gartenlampe - rpc/Shelly.GetStatus: --------------------->
20.07.2024 12:00:06 :: INFO    :: [       __main__] [ 31] :: START: Gartenlampe - rpc/Shelly.GetConfig: --------------------->
20.07.2024 12:00:06 :: INFO    :: [       __main__] [ 32] :: {'ble': {'enable': False, 'rpc': {'enable': True}, 'observer': {'enable': False}}, 'cloud': {'enable': True, 'server': 'shelly-116-eu.shelly.cloud:6022/jrpc'}, 'input:0': {'id': 0, 'name': None, 'type': 'switch', 'enable': True, 'invert': False, 'factory_reset': True}, 'mqtt': {'enable': False, 'server': None, 'client_id': 'shellyplus1-e465b8f0f750', 'user': None, 'ssl_ca': None, 'topic_prefix': 'shellyplus1-e465b8f0f750', 'rpc_ntf': True, 'status_ntf': False, 'use_client_cert': False, 'enable_rpc': True, 'enable_control': True}, 'switch:0': {'id': 0, 'name': None, 'in_mode': 'follow', 'initial_state': 'match_input', 'auto_on': False, 'auto_on_delay': 60.0, 'auto_off': False, 'auto_off_delay': 60.0}, 'sys': {'device': {'name': None, 'mac': 'E465B8F0F750', 'fw_id': '20240625-122558/1.3.3-gbdfd9b3', 'discoverable': True, 'eco_mode': False, 'addon_type': None}, 'location': {'tz': 'Europe/Berlin', 'lat': 52.311, 'lon': 9.6105}, 'debug': {'level': 2, 'file_level': None, 'mqtt': {'enable': False}, 'websocket': {'enable': False}, 'udp': {'addr': None}}, 'ui_data': {}, 'rpc_udp': {'dst_addr': None, 'listen_port': None}, 'sntp': {'server': 'time.google.com'}, 'cfg_rev': 13}, 'wifi': {'ap': {'ssid': 'ShellyPlus1-E465B8F0F750', 'is_open': True, 'enable': False, 'range_extender': {'enable': False}}, 'sta': {'ssid': 'janzneu', 'is_open': False, 'enable': True, 'ipv4mode': 'dhcp', 'ip': None, 'netmask': None, 'gw': None, 'nameserver': None}, 'sta1': {'ssid': None, 'is_open': True, 'enable': False, 'ipv4mode': 'dhcp', 'ip': None, 'netmask': None, 'gw': None, 'nameserver': None}, 'roam': {'rssi_thr': -80, 'interval': 60}}, 'ws': {'enable': False, 'server': None, 'ssl_ca': 'ca.pem'}}
20.07.2024 12:00:06 :: INFO    :: [       __main__] [ 33] :: END:   Gartenlampe - rpc/Shelly.GetConfig: --------------------->
20.07.2024 12:00:06 :: INFO    :: [       __main__] [ 31] :: START: Gartenlampe - rpc/Shelly.GetDeviceInfo: --------------------->
20.07.2024 12:00:06 :: INFO    :: [       __main__] [ 32] :: {'name': None, 'id': 'shellyplus1-e465b8f0f750', 'mac': 'E465B8F0F750', 'slot': 0, 'model': 'SNSW-001X16EU', 'gen': 2, 'fw_id': '20240625-122558/1.3.3-gbdfd9b3', 'ver': '1.3.3', 'app': 'Plus1', 'auth_en': False, 'auth_domain': None}
20.07.2024 12:00:06 :: INFO    :: [       __main__] [ 33] :: END:   Gartenlampe - rpc/Shelly.GetDeviceInfo: --------------------->
20.07.2024 12:00:06 :: INFO    :: [       __main__] [ 31] :: START: Gartenlampe - rpc/Sys.GetStatus: --------------------->
20.07.2024 12:00:06 :: INFO    :: [       __main__] [ 32] :: {'mac': 'E465B8F0F750', 'restart_required': False, 'time': '12:00', 'unixtime': 1721469606, 'uptime': 72930, 'ram_size': 247156, 'ram_free': 142804, 'fs_size': 458752, 'fs_free': 135168, 'cfg_rev': 13, 'kvs_rev': 0, 'schedule_rev': 0, 'webhook_rev': 0, 'available_updates': {'beta': {'version': '1.4.0-beta2'}}, 'reset_reason': 3}
20.07.2024 12:00:06 :: INFO    :: [       __main__] [ 33] :: END:   Gartenlampe - rpc/Sys.GetStatus: --------------------->
20.07.2024 12:00:06 :: INFO    :: [       __main__] [ 31] :: START: Gartenlampe - rpc/Sys.GetConfig: --------------------->
20.07.2024 12:00:06 :: INFO    :: [       __main__] [ 32] :: {'device': {'name': None, 'mac': 'E465B8F0F750', 'fw_id': '20240625-122558/1.3.3-gbdfd9b3', 'discoverable': True, 'eco_mode': False, 'addon_type': None}, 'location': {'tz': 'Europe/Berlin', 'lat': 52.311, 'lon': 9.6105}, 'debug': {'level': 2, 'file_level': None, 'mqtt': {'enable': False}, 'websocket': {'enable': False}, 'udp': {'addr': None}}, 'ui_data': {}, 'rpc_udp': {'dst_addr': None, 'listen_port': None}, 'sntp': {'server': 'time.google.com'}, 'cfg_rev': 13}
20.07.2024 12:00:06 :: INFO    :: [       __main__] [ 33] :: END:   Gartenlampe - rpc/Sys.GetConfig: --------------------->
20.07.2024 12:00:06 :: INFO    :: [       __main__] [ 31] :: START: Gartenlampe - rpc/Wifi.GetStatus: --------------------->
20.07.2024 12:00:06 :: INFO    :: [       __main__] [ 32] :: {'sta_ip': '192.168.2.139', 'status': 'got ip', 'ssid': 'janzneu', 'rssi': -64}
20.07.2024 12:00:06 :: INFO    :: [       __main__] [ 33] :: END:   Gartenlampe - rpc/Wifi.GetStatus: --------------------->
20.07.2024 12:00:06 :: INFO    :: [       __main__] [ 31] :: START: Gartenlampe - rpc/Wifi.GetConfig: --------------------->
20.07.2024 12:00:06 :: INFO    :: [       __main__] [ 32] :: {'ap': {'ssid': 'ShellyPlus1-E465B8F0F750', 'is_open': True, 'enable': False, 'range_extender': {'enable': False}}, 'sta': {'ssid': 'janzneu', 'is_open': False, 'enable': True, 'ipv4mode': 'dhcp', 'ip': None, 'netmask': None, 'gw': None, 'nameserver': None}, 'sta1': {'ssid': None, 'is_open': True, 'enable': False, 'ipv4mode': 'dhcp', 'ip': None, 'netmask': None, 'gw': None, 'nameserver': None}, 'roam': {'rssi_thr': -80, 'interval': 60}}
20.07.2024 12:00:06 :: INFO    :: [       __main__] [ 33] :: END:   Gartenlampe - rpc/Wifi.GetConfig: --------------------->
20.07.2024 12:00:06 :: INFO    :: [       __main__] [ 31] :: START: Gartenlampe - rpc/Eth.GetStatus: --------------------->
20.07.2024 12:00:06 :: INFO    :: [       __main__] [ 32] :: {'code': 404, 'message': 'No handler for Eth.GetStatus'}
20.07.2024 12:00:06 :: INFO    :: [       __main__] [ 33] :: END:   Gartenlampe - rpc/Eth.GetStatus: --------------------->
20.07.2024 12:00:06 :: INFO    :: [       __main__] [ 31] :: START: Gartenlampe - rpc/Eth.GetConfig: --------------------->
20.07.2024 12:00:06 :: INFO    :: [       __main__] [ 32] :: {'code': 404, 'message': 'No handler for Eth.GetConfig'}
20.07.2024 12:00:06 :: INFO    :: [       __main__] [ 33] :: END:   Gartenlampe - rpc/Eth.GetConfig: --------------------->
20.07.2024 12:00:06 :: INFO    :: [       __main__] [ 31] :: START: Gartenlampe - rpc/BLE.GetStatus: --------------------->
20.07.2024 12:00:06 :: INFO    :: [       __main__] [ 32] :: {}
20.07.2024 12:00:06 :: INFO    :: [       __main__] [ 33] :: END:   Gartenlampe - rpc/BLE.GetStatus: --------------------->
20.07.2024 12:00:06 :: INFO    :: [       __main__] [ 31] :: START: Gartenlampe - rpc/BLE.GetConfig: --------------------->
20.07.2024 12:00:06 :: INFO    :: [       __main__] [ 32] :: {'enable': False, 'rpc': {'enable': True}, 'observer': {'enable': False}}
20.07.2024 12:00:06 :: INFO    :: [       __main__] [ 33] :: END:   Gartenlampe - rpc/BLE.GetConfig: --------------------->
20.07.2024 12:00:06 :: INFO    :: [       __main__] [ 31] :: START: Gartenlampe - rpc/Cloud.GetStatus: --------------------->
20.07.2024 12:00:06 :: INFO    :: [       __main__] [ 32] :: {'connected': True}
20.07.2024 12:00:06 :: INFO    :: [       __main__] [ 33] :: END:   Gartenlampe - rpc/Cloud.GetStatus: --------------------->
20.07.2024 12:00:06 :: INFO    :: [       __main__] [ 31] :: START: Gartenlampe - rpc/Cloud.GetConfig: --------------------->
20.07.2024 12:00:06 :: INFO    :: [       __main__] [ 32] :: {'enable': True, 'server': 'shelly-116-eu.shelly.cloud:6022/jrpc'}
20.07.2024 12:00:06 :: INFO    :: [       __main__] [ 33] :: END:   Gartenlampe - rpc/Cloud.GetConfig: --------------------->
20.07.2024 12:00:06 :: INFO    :: [       __main__] [ 31] :: START: Gartenlampe - rpc/Ws.GetStatus: --------------------->
20.07.2024 12:00:06 :: INFO    :: [       __main__] [ 32] :: {'connected': False}
20.07.2024 12:00:06 :: INFO    :: [       __main__] [ 33] :: END:   Gartenlampe - rpc/Ws.GetStatus: --------------------->
20.07.2024 12:00:06 :: INFO    :: [       __main__] [ 31] :: START: Gartenlampe - rpc/Ws.GetConfig: --------------------->
20.07.2024 12:00:06 :: INFO    :: [       __main__] [ 32] :: {'enable': False, 'server': None, 'ssl_ca': 'ca.pem'}
20.07.2024 12:00:06 :: INFO    :: [       __main__] [ 33] :: END:   Gartenlampe - rpc/Ws.GetConfig: --------------------->
20.07.2024 12:00:07 :: INFO    :: [       __main__] [ 31] :: START: Balkon - settings: --------------------->
20.07.2024 12:00:07 :: INFO    :: [       __main__] [ 32] :: {'device': {'type': 'SHPLG2-1', 'mac': '083A8DF437C7', 'hostname': 'shellyplug-083A8DF437C7', 'num_outputs': 1, 'num_meters': 1}, 'wifi_ap': {'enabled': False, 'ssid': 'shellyplug-083A8DF437C7', 'key': ''}, 'wifi_sta': {'enabled': True, 'ssid': 'janzneu', 'ipv4_method': 'dhcp', 'ip': None, 'gw': None, 'mask': None, 'dns': None}, 'wifi_sta1': {'enabled': False, 'ssid': None, 'ipv4_method': 'dhcp', 'ip': None, 'gw': None, 'mask': None, 'dns': None}, 'ap_roaming': {'enabled': False, 'threshold': -70}, 'mqtt': {'enable': False, 'server': '192.168.33.3:1883', 'user': '', 'id': 'shellyplug-083A8DF437C7', 'reconnect_timeout_max': 60.0, 'reconnect_timeout_min': 2.0, 'clean_session': True, 'keep_alive': 60, 'max_qos': 0, 'retain': False, 'update_period': 30}, 'coiot': {'enabled': True, 'update_period': 15, 'peer': ''}, 'sntp': {'server': 'time.google.com', 'enabled': True}, 'login': {'enabled': False, 'unprotected': False, 'username': 'admin'}, 'pin_code': '', 'name': None, 'fw': '20230913-113610/v1.14.0-gcb84623', 'pon_wifi_reset': False, 'discoverable': False, 'build_info': {'build_id': '20230913-113610/v1.14.0-gcb84623', 'build_timestamp': '2023-09-13T11:36:10Z', 'build_version': '1.0'}, 'cloud': {'enabled': True, 'connected': True}, 'timezone': 'Europe/Berlin', 'lat': 52.311001, 'lng': 9.6105, 'tzautodetect': True, 'tz_utc_offset': 7200, 'tz_dst': False, 'tz_dst_auto': True, 'time': '12:00', 'unixtime': 1721469607, 'led_status_disable': False, 'debug_enable': False, 'allow_cross_origin': False, 'actions': {'active': False, 'names': ['btn_on_url', 'out_on_url', 'out_off_url']}, 'hwinfo': {'hw_revision': 'prod-191018', 'batch_id': 1}, 'max_power': 3500, 'relays': [{'name': None, 'appliance_type': 'General', 'ison': True, 'has_timer': False, 'default_state': 'on', 'auto_on': 5.0, 'auto_off': 0.0, 'schedule': False, 'schedule_rules': [], 'max_power': 3500}], 'eco_mode_enabled': True}
20.07.2024 12:00:07 :: INFO    :: [       __main__] [ 33] :: END:   Balkon - settings: --------------------->
20.07.2024 12:00:07 :: INFO    :: [       __main__] [ 31] :: START: Balkon - status: --------------------->
20.07.2024 12:00:07 :: INFO    :: [       __main__] [ 32] :: {'wifi_sta': {'connected': True, 'ssid': 'janzneu', 'ip': '192.168.2.136', 'rssi': -70}, 'cloud': {'enabled': True, 'connected': True}, 'mqtt': {'connected': False}, 'time': '12:00', 'unixtime': 1721469607, 'serial': 17045, 'has_update': False, 'mac': '083A8DF437C7', 'cfg_changed_cnt': 5, 'actions_stats': {'skipped': 0}, 'relays': [{'ison': True, 'has_timer': False, 'timer_started': 0, 'timer_duration': 0, 'timer_remaining': 0, 'overpower': False, 'source': 'input'}], 'meters': [{'power': 448.78, 'overpower': 0.0, 'is_valid': True, 'timestamp': 1721476807, 'counters': [448.837, 448.51, 449.486], 'total': 654878}], 'update': {'status': 'idle', 'has_update': False, 'new_version': '20230913-113610/v1.14.0-gcb84623', 'old_version': '20230913-113610/v1.14.0-gcb84623', 'beta_version': '20231107-164401/v1.14.1-rc1-g0617c15'}, 'ram_total': 52096, 'ram_free': 39796, 'fs_size': 233681, 'fs_free': 165409, 'uptime': 517517}
20.07.2024 12:00:07 :: INFO    :: [       __main__] [ 33] :: END:   Balkon - status: --------------------->
20.07.2024 12:00:07 :: INFO    :: [       __main__] [ 31] :: START: Balkon - relay/0: --------------------->
20.07.2024 12:00:07 :: INFO    :: [       __main__] [ 32] :: {'ison': True, 'has_timer': False, 'timer_started': 0, 'timer_duration': 0, 'timer_remaining': 0, 'overpower': False, 'source': 'input'}
20.07.2024 12:00:07 :: INFO    :: [       __main__] [ 33] :: END:   Balkon - relay/0: --------------------->
20.07.2024 12:00:07 :: INFO    :: [       __main__] [ 31] :: START: Balkon - meter/0: --------------------->
20.07.2024 12:00:07 :: INFO    :: [       __main__] [ 32] :: {'power': 448.78, 'overpower': 0.0, 'is_valid': True, 'timestamp': 1721476807, 'counters': [448.837, 448.51, 449.486], 'total': 654878}
20.07.2024 12:00:07 :: INFO    :: [       __main__] [ 33] :: END:   Balkon - meter/0: --------------------->
