15.07.2024 15:36:20 :: INFO    :: [       __main__] [ 31] :: 
15.07.2024 15:36:20 :: INFO    :: [       __main__] [ 32] :: ---------- starting /Users/ralphfollrichs/Projects/hoco/progs/hoco.py at 2024-07-15 15:36:20.122754 ----------
15.07.2024 15:36:20 :: INFO    :: [       __main__] [ 37] :: Device server started on http://family.local:8088
15.07.2024 15:39:36 :: INFO    :: [       __main__] [ 31] :: 
15.07.2024 15:39:36 :: INFO    :: [       __main__] [ 32] :: ---------- starting /Users/ralphfollrichs/Projects/hoco/progs/hoco.py at 2024-07-15 15:39:36.494011 ----------
15.07.2024 15:39:41 :: INFO    :: [       __main__] [ 37] :: Device server started on http://Air-von-Ralph:8088
15.07.2024 15:40:31 :: INFO    :: [       __main__] [ 31] :: 
15.07.2024 15:40:31 :: INFO    :: [       __main__] [ 32] :: ---------- starting /Users/ralphfollrichs/Projects/hoco/progs/hoco.py at 2024-07-15 15:40:31.833306 ----------
15.07.2024 15:40:36 :: INFO    :: [       __main__] [ 37] :: Device server started on Air-von-Ralph
15.07.2024 15:54:05 :: INFO    :: [       __main__] [ 31] :: 
15.07.2024 15:54:05 :: INFO    :: [       __main__] [ 32] :: ---------- starting /Users/ralphfollrichs/Projects/hoco/progs/hoco.py s----------
15.07.2024 15:54:10 :: INFO    :: [       __main__] [ 37] :: Device server started on Air-von-Ralph
15.07.2024 16:03:53 :: INFO    :: [       __main__] [ 31] :: 
15.07.2024 16:03:53 :: INFO    :: [       __main__] [ 32] :: ---------- starting /Users/ralphfollrichs/Projects/hoco/progs/hoco.py s----------
15.07.2024 16:03:58 :: INFO    :: [       __main__] [ 37] :: Device server started on Air-von-Ralph
15.07.2024 16:10:36 :: INFO    :: [       __main__] [ 31] :: 
15.07.2024 16:10:36 :: INFO    :: [       __main__] [ 32] :: ---------- starting /Users/ralphfollrichs/Projects/hoco/progs/hoco.py s----------
15.07.2024 16:10:41 :: INFO    :: [       __main__] [ 37] :: Device server started on Air-von-Ralph
15.07.2024 16:11:11 :: INFO    :: [       __main__] [ 31] :: 
15.07.2024 16:11:11 :: INFO    :: [       __main__] [ 32] :: ---------- starting /Users/ralphfollrichs/Projects/hoco/progs/hoco.py s----------
15.07.2024 16:11:16 :: INFO    :: [       __main__] [ 37] :: Device server started on Air-von-Ralph
15.07.2024 16:11:49 :: INFO    :: [       __main__] [ 33] :: 
15.07.2024 16:11:49 :: INFO    :: [       __main__] [ 34] :: ---------- starting /Users/ralphfollrichs/Projects/hoco/progs/hoco.py s----------
15.07.2024 16:11:54 :: INFO    :: [       __main__] [ 39] :: Device server started on Air-von-Ralph
15.07.2024 16:12:48 :: INFO    :: [       __main__] [ 33] :: 
15.07.2024 16:12:48 :: INFO    :: [       __main__] [ 34] :: ---------- starting /Users/ralphfollrichs/Projects/hoco/progs/hoco.py s----------
15.07.2024 16:12:53 :: INFO    :: [       __main__] [ 39] :: Device server started on Air-von-Ralph
15.07.2024 16:12:53 :: INFO    :: [       __main__] [ 43] :: {'Branch': 'Master', 'pathes': {'DATA': '/data', 'LOG': '/log', 'RRD': '/rrd', 'YML': '/yml', 'PNG': '/png', 'ARCH': '/archiv', 'PROG': '/prog', 'HTML': '/html'}, 'Communication': {'DaboServerName': 'family.local', 'DaboServerPort': 8088}, 'suffixes': {'log': '-%Y_%m_%d', 'data': '-%Y_%m_%d__%H-%M-%S'}, 'debug': {'datefmt': '%d.%m.%Y %H:%M:%S', 'hirestime': False, 'humanTimestamp': True, 'logYML': True, 'verbose': True, 'Mailing': True}, 'devices': 'devs.yml'}
15.07.2024 16:13:55 :: INFO    :: [       __main__] [ 33] :: 
15.07.2024 16:13:55 :: INFO    :: [       __main__] [ 34] :: ---------- starting /Users/ralphfollrichs/Projects/hoco/progs/hoco.py s----------
15.07.2024 16:14:00 :: INFO    :: [       __main__] [ 39] :: Device server started on Air-von-Ralph
15.07.2024 16:14:00 :: INFO    :: [       __main__] [ 43] :: {'shellyplug-083A8DF437C7': {'Hardware': 'Shelly', 'Type': 'SHPLG2-1', 'time': 60, 'rrd': 'rrd-file.rrd', 'Diagram': 'some_definitons'}, 'Buero_68_C6_3A_87_FA_CE': {'Hardware': 'NODEMCU', 'Type': 'DS1820', 'time': 300, 'rrd': 'rrd-file.rrd', 'Diagram': 'some_definitons'}, 'ToF_Sensor_BC_DD_C2_24_3B_F4': {'Hardware': 'D1MINI', 'Type': 'ToF', 'time': 150, 'rrd': 'rrd-file.rrd', 'Diagram': 'some_definitons'}}
15.07.2024 16:16:12 :: INFO    :: [       __main__] [ 33] :: 
15.07.2024 16:16:12 :: INFO    :: [       __main__] [ 34] :: ---------- starting /Users/ralphfollrichs/Projects/hoco/progs/hoco.py s----------
15.07.2024 16:16:17 :: INFO    :: [       __main__] [ 39] :: Device server started on Air-von-Ralph
15.07.2024 16:16:17 :: INFO    :: [       __main__] [ 43] :: {'shellyplug-083A8DF437C7': {'Hardware': 'Shelly', 'Type': 'SHPLG2-1', 'time': 60, 'rrd': 'rrd-file.rrd', 'Diagram': 'some_definitons'}, 'Buero_68_C6_3A_87_FA_CE': {'Hardware': 'NODEMCU', 'Type': 'DS1820', 'time': 300, 'rrd': 'rrd-file.rrd', 'Diagram': 'some_definitons'}, 'ToF_Sensor_BC_DD_C2_24_3B_F4': {'Hardware': 'D1MINI', 'Type': 'ToF', 'time': 150, 'rrd': 'rrd-file.rrd', 'Diagram': 'some_definitons'}}
15.07.2024 16:16:40 :: INFO    :: [       __main__] [ 33] :: 
15.07.2024 16:16:40 :: INFO    :: [       __main__] [ 34] :: ---------- starting /Users/ralphfollrichs/Projects/hoco/progs/hoco.py s----------
15.07.2024 16:16:45 :: INFO    :: [       __main__] [ 39] :: Device server started on Air-von-Ralph
15.07.2024 16:16:45 :: INFO    :: [       __main__] [ 43] :: {'shellyplug-083A8DF437C7': {'Hardware': 'Shelly', 'Type': 'SHPLG2-1', 'time': 60, 'rrd': 'rrd-file.rrd', 'Diagram': 'some_definitons'}, 'Buero_68_C6_3A_87_FA_CE': {'Hardware': 'NODEMCU', 'Type': 'DS1820', 'time': 300, 'rrd': 'rrd-file.rrd', 'Diagram': 'some_definitons'}, 'ToF_Sensor_BC_DD_C2_24_3B_F4': {'Hardware': 'D1MINI', 'Type': 'ToF', 'time': 150, 'rrd': 'rrd-file.rrd', 'Diagram': 'some_definitons'}}
15.07.2024 16:17:50 :: INFO    :: [       __main__] [ 33] :: 
15.07.2024 16:17:50 :: INFO    :: [       __main__] [ 34] :: ---------- starting /Users/ralphfollrichs/Projects/hoco/progs/hoco.py s----------
15.07.2024 16:17:55 :: INFO    :: [       __main__] [ 39] :: Device server started on Air-von-Ralph
15.07.2024 16:17:55 :: INFO    :: [       __main__] [ 43] :: {'shellyplug-083A8DF437C7': {'Hardware': 'Shelly', 'Type': 'SHPLG2-1', 'time': 60, 'rrd': 'rrd-file.rrd', 'Diagram': 'some_definitons'}, 'Buero_68_C6_3A_87_FA_CE': {'Hardware': 'NODEMCU', 'Type': 'DS1820', 'time': 300, 'rrd': 'rrd-file.rrd', 'Diagram': 'some_definitons'}, 'ToF_Sensor_BC_DD_C2_24_3B_F4': {'Hardware': 'D1MINI', 'Type': 'ToF', 'time': 150, 'rrd': 'rrd-file.rrd', 'Diagram': 'some_definitons'}}
15.07.2024 16:18:45 :: INFO    :: [       __main__] [ 33] :: 
15.07.2024 16:18:45 :: INFO    :: [       __main__] [ 34] :: ---------- starting /Users/ralphfollrichs/Projects/hoco/progs/hoco.py s----------
15.07.2024 16:18:50 :: INFO    :: [       __main__] [ 39] :: Device server started on Air-von-Ralph
15.07.2024 16:18:50 :: INFO    :: [       __main__] [ 43] :: {'shellyplug-083A8DF437C7': {'Hardware': 'Shelly', 'Type': 'SHPLG2-1', 'time': 60, 'rrd': 'rrd-file.rrd', 'Diagram': 'some_definitons'}, 'Buero_68_C6_3A_87_FA_CE': {'Hardware': 'NODEMCU', 'Type': 'DS1820', 'time': 300, 'rrd': 'rrd-file.rrd', 'Diagram': 'some_definitons'}, 'ToF_Sensor_BC_DD_C2_24_3B_F4': {'Hardware': 'D1MINI', 'Type': 'ToF', 'time': 150, 'rrd': 'rrd-file.rrd', 'Diagram': 'some_definitons'}}
15.07.2024 16:21:49 :: INFO    :: [       __main__] [ 33] :: 
15.07.2024 16:21:49 :: INFO    :: [       __main__] [ 34] :: ---------- starting /Users/ralphfollrichs/Projects/hoco/progs/hoco.py s----------
15.07.2024 16:21:54 :: INFO    :: [       __main__] [ 39] :: Device server started on Air-von-Ralph
15.07.2024 16:21:54 :: INFO    :: [       __main__] [ 43] :: {'shellyplug-083A8DF437C7': {'Hardware': 'Shelly', 'Type': 'SHPLG2-1', 'time': 60, 'rrd': 'rrd-file.rrd', 'Diagram': 'some_definitons'}, 'Buero_68_C6_3A_87_FA_CE': {'Hardware': 'NODEMCU', 'Type': 'DS1820', 'time': 300, 'rrd': 'rrd-file.rrd', 'Diagram': 'some_definitons'}, 'ToF_Sensor_BC_DD_C2_24_3B_F4': {'Hardware': 'D1MINI', 'Type': 'ToF', 'time': 150, 'rrd': 'rrd-file.rrd', 'Diagram': 'some_definitons'}}
15.07.2024 16:22:13 :: INFO    :: [       __main__] [ 33] :: 
15.07.2024 16:22:13 :: INFO    :: [       __main__] [ 34] :: ---------- starting /Users/ralphfollrichs/Projects/hoco/progs/hoco.py s----------
15.07.2024 16:22:18 :: INFO    :: [       __main__] [ 39] :: Device server started on Air-von-Ralph
15.07.2024 16:22:18 :: INFO    :: [       __main__] [ 43] :: {'shellyplug-083A8DF437C7': {'Hardware': 'Shelly', 'Type': 'SHPLG2-1', 'time': 60, 'rrd': 'rrd-file.rrd', 'Diagram': 'some_definitons'}, 'Buero_68_C6_3A_87_FA_CE': {'Hardware': 'NODEMCU', 'Type': 'DS1820', 'time': 300, 'rrd': 'rrd-file.rrd', 'Diagram': 'some_definitons'}, 'ToF_Sensor_BC_DD_C2_24_3B_F4': {'Hardware': 'D1MINI', 'Type': 'ToF', 'time': 150, 'rrd': 'rrd-file.rrd', 'Diagram': 'some_definitons'}}
15.07.2024 16:24:00 :: INFO    :: [       __main__] [ 33] :: 
15.07.2024 16:24:00 :: INFO    :: [       __main__] [ 34] :: ---------- starting /Users/ralphfollrichs/Projects/hoco/progs/hoco.py s----------
15.07.2024 16:24:05 :: INFO    :: [       __main__] [ 39] :: Device server started on Air-von-Ralph
15.07.2024 16:24:05 :: INFO    :: [       __main__] [ 43] :: {'shellyplug-083A8DF437C7': {'Hardware': 'Shelly', 'Type': 'SHPLG2-1', 'time': 60, 'rrd': 'rrd-file.rrd', 'Diagram': 'some_definitons'}, 'Buero_68_C6_3A_87_FA_CE': {'Hardware': 'NODEMCU', 'Type': 'DS1820', 'time': 300, 'rrd': 'rrd-file.rrd', 'Diagram': 'some_definitons'}, 'ToF_Sensor_BC_DD_C2_24_3B_F4': {'Hardware': 'D1MINI', 'Type': 'ToF', 'time': 150, 'rrd': 'rrd-file.rrd', 'Diagram': 'some_definitons'}}
15.07.2024 16:24:21 :: INFO    :: [       __main__] [ 33] :: 
15.07.2024 16:24:21 :: INFO    :: [       __main__] [ 34] :: ---------- starting /Users/ralphfollrichs/Projects/hoco/progs/hoco.py s----------
15.07.2024 16:24:26 :: INFO    :: [       __main__] [ 39] :: Device server started on Air-von-Ralph
15.07.2024 16:24:26 :: INFO    :: [       __main__] [ 43] :: {'shellyplug-083A8DF437C7': {'Hardware': 'Shelly', 'Type': 'SHPLG2-1', 'time': 60, 'rrd': 'rrd-file.rrd', 'Diagram': 'some_definitons'}, 'Buero_68_C6_3A_87_FA_CE': {'Hardware': 'NODEMCU', 'Type': 'DS1820', 'time': 300, 'rrd': 'rrd-file.rrd', 'Diagram': 'some_definitons'}, 'ToF_Sensor_BC_DD_C2_24_3B_F4': {'Hardware': 'D1MINI', 'Type': 'ToF', 'time': 150, 'rrd': 'rrd-file.rrd', 'Diagram': 'some_definitons'}}
15.07.2024 16:26:15 :: INFO    :: [       __main__] [ 33] :: 
15.07.2024 16:26:15 :: INFO    :: [       __main__] [ 34] :: ---------- starting /Users/ralphfollrichs/Projects/hoco/progs/hoco.py s----------
15.07.2024 16:26:20 :: INFO    :: [       __main__] [ 39] :: Device server started on Air-von-Ralph
15.07.2024 16:26:20 :: INFO    :: [       __main__] [ 43] :: {'shellyplug-083A8DF437C7': {'Hardware': 'Shelly', 'Type': 'SHPLG2-1', 'time': 60, 'rrd': 'rrd-file.rrd', 'Diagram': 'some_definitons'}, 'Buero_68_C6_3A_87_FA_CE': {'Hardware': 'NODEMCU', 'Type': 'DS1820', 'time': 300, 'rrd': 'rrd-file.rrd', 'Diagram': 'some_definitons'}, 'ToF_Sensor_BC_DD_C2_24_3B_F4': {'Hardware': 'D1MINI', 'Type': 'ToF', 'time': 150, 'rrd': 'rrd-file.rrd', 'Diagram': 'some_definitons'}}
15.07.2024 16:32:13 :: INFO    :: [       __main__] [ 33] :: 
15.07.2024 16:32:13 :: INFO    :: [       __main__] [ 34] :: ---------- starting /Users/ralphfollrichs/Projects/hoco/progs/hoco.py s----------
15.07.2024 16:32:18 :: INFO    :: [       __main__] [ 39] :: Device server started on Air-von-Ralph
15.07.2024 16:32:18 :: INFO    :: [       __main__] [ 43] :: {'shellyplug-083A8DF437C7': {'Hardware': 'Shelly', 'Type': 'SHPLG2-1', 'time': 60, 'rrd': 'rrd-file.rrd', 'Diagram': 'some_definitons'}, 'Buero_68_C6_3A_87_FA_CE': {'Hardware': 'NODEMCU', 'Type': 'DS1820', 'time': 300, 'rrd': 'rrd-file.rrd', 'Diagram': 'some_definitons'}, 'ToF_Sensor_BC_DD_C2_24_3B_F4': {'Hardware': 'D1MINI', 'Type': 'ToF', 'time': 150, 'rrd': 'rrd-file.rrd', 'Diagram': 'some_definitons'}}
15.07.2024 16:46:19 :: INFO    :: [       __main__] [ 33] :: 
15.07.2024 16:46:19 :: INFO    :: [       __main__] [ 34] :: ---------- starting /Users/ralphfollrichs/Projects/hoco/progs/hoco.py s----------
15.07.2024 16:46:24 :: INFO    :: [       __main__] [ 39] :: Device server started on Air-von-Ralph
15.07.2024 16:46:25 :: INFO    :: [       __main__] [ 43] :: {'shellyplug-083A8DF437C7': {'Hardware': 'Shelly', 'Type': 'SHPLG2-1', 'time': 60, 'rrd': 'rrd-file.rrd', 'Diagram': 'some_definitons'}, 'Buero_68_C6_3A_87_FA_CE': {'Hardware': 'NODEMCU', 'Type': 'DS1820', 'time': 300, 'rrd': 'rrd-file.rrd', 'Diagram': 'some_definitons'}, 'ToF_Sensor_BC_DD_C2_24_3B_F4': {'Hardware': 'D1MINI', 'Type': 'ToF', 'time': 150, 'rrd': 'rrd-file.rrd', 'Diagram': 'some_definitons'}}
15.07.2024 16:54:50 :: INFO    :: [       __main__] [ 33] :: 
15.07.2024 16:54:50 :: INFO    :: [       __main__] [ 34] :: ---------- starting /Users/ralphfollrichs/Projects/hoco/progs/hoco.py ----------
15.07.2024 16:54:55 :: INFO    :: [       __main__] [ 39] :: Device server started on Air-von-Ralph
15.07.2024 16:54:55 :: INFO    :: [       __main__] [ 43] :: {'shellyplug-083A8DF437C7': {'Hardware': 'Shelly', 'Type': 'SHPLG2-1', 'time': 60, 'rrd': 'rrd-file.rrd', 'Diagram': 'some_definitons'}, 'Buero_68_C6_3A_87_FA_CE': {'Hardware': 'NODEMCU', 'Type': 'DS1820', 'time': 300, 'rrd': 'rrd-file.rrd', 'Diagram': 'some_definitons'}, 'ToF_Sensor_BC_DD_C2_24_3B_F4': {'Hardware': 'D1MINI', 'Type': 'ToF', 'time': 150, 'rrd': 'rrd-file.rrd', 'Diagram': 'some_definitons'}}
15.07.2024 16:57:09 :: INFO    :: [       __main__] [ 33] :: 
15.07.2024 16:57:09 :: INFO    :: [       __main__] [ 34] :: ---------- starting /Users/ralphfollrichs/Projects/hoco/progs/hoco.py ----------
15.07.2024 16:57:14 :: INFO    :: [       __main__] [ 39] :: Device server started on Air-von-Ralph
15.07.2024 16:57:14 :: INFO    :: [       __main__] [ 43] :: {'shellyplug-083A8DF437C7': {'Hardware': 'Shelly', 'Type': 'SHPLG2-1', 'time': 60, 'rrd': 'rrd-file.rrd', 'Diagram': 'some_definitons'}, 'Buero_68_C6_3A_87_FA_CE': {'Hardware': 'NODEMCU', 'Type': 'DS1820', 'time': 300, 'rrd': 'rrd-file.rrd', 'Diagram': 'some_definitons'}, 'ToF_Sensor_BC_DD_C2_24_3B_F4': {'Hardware': 'D1MINI', 'Type': 'ToF', 'time': 150, 'rrd': 'rrd-file.rrd', 'Diagram': 'some_definitons'}}
15.07.2024 16:58:24 :: INFO    :: [       __main__] [ 33] :: 
15.07.2024 16:58:24 :: INFO    :: [       __main__] [ 34] :: ---------- starting /Users/ralphfollrichs/Projects/hoco/progs/hoco.py ----------
15.07.2024 16:58:29 :: INFO    :: [       __main__] [ 39] :: Device server started on Air-von-Ralph
15.07.2024 16:58:29 :: INFO    :: [       __main__] [ 43] :: {'shellyplug-083A8DF437C7': {'Hardware': 'Shelly', 'Type': 'SHPLG2-1', 'time': 60, 'rrd': 'rrd-file.rrd', 'Diagram': 'some_definitons'}, 'Buero_68_C6_3A_87_FA_CE': {'Hardware': 'NODEMCU', 'Type': 'DS1820', 'time': 300, 'rrd': 'rrd-file.rrd', 'Diagram': 'some_definitons'}, 'ToF_Sensor_BC_DD_C2_24_3B_F4': {'Hardware': 'D1MINI', 'Type': 'ToF', 'time': 150, 'rrd': 'rrd-file.rrd', 'Diagram': 'some_definitons'}}
15.07.2024 17:11:45 :: INFO    :: [       __main__] [ 33] :: 
15.07.2024 17:11:45 :: INFO    :: [       __main__] [ 34] :: ---------- starting /Users/ralphfollrichs/Projects/hoco/progs/hoco.py ----------
15.07.2024 17:11:50 :: INFO    :: [       __main__] [ 39] :: Device server started on Air-von-Ralph
15.07.2024 17:11:50 :: INFO    :: [       __main__] [ 43] :: {'shellyplug-083A8DF437C7': {'Hardware': 'Shelly', 'Type': 'SHPLG2-1', 'time': 60, 'rrd': 'rrd-file.rrd', 'Diagram': 'some_definitons', 'modul': 'modulname_fuer_shelly'}, 'Buero_68_C6_3A_87_FA_CE': {'Hardware': 'NODEMCU', 'Type': 'DS1820', 'time': 300, 'rrd': 'rrd-file.rrd', 'Diagram': 'some_definitons', 'modul': 'modulname_fuer_DS1820'}, 'ToF_Sensor_BC_DD_C2_24_3B_F4': {'Hardware': 'D1MINI', 'Type': 'ToF', 'time': 150, 'rrd': 'rrd-file.rrd', 'Diagram': 'some_definitons', 'modul': 'modulname_fuer_ToF'}, 'Palisade_DC_4F_22_0A_F5_52': {'Hardware': 'SONOFF_S20', 'Type': 'Switch', 'time': 150, 'rrd': 'rrd-file.rrd', 'Diagram': 'some_definitons', 'modul': 'modulname_fuer_Switch'}, 'NeuesTeil_AA_BB_CC_DD_EE_FF': {'Hardware': 'Shelly', 'Type': 'SHSWT', 'time': 150, 'rrd': 'rrd-file.rrd', 'Diagram': 'some_definitons', 'modul': 'modulname_fuer_Shelly_Switch'}}
15.07.2024 17:14:31 :: INFO    :: [       __main__] [ 33] :: 
15.07.2024 17:14:31 :: INFO    :: [       __main__] [ 34] :: ---------- starting /Users/ralphfollrichs/Projects/hoco/progs/hoco.py ----------
15.07.2024 17:14:36 :: INFO    :: [       __main__] [ 39] :: Device server started on Air-von-Ralph
15.07.2024 17:14:36 :: INFO    :: [       __main__] [ 43] :: {'shellyplug-083A8DF437C7': {'Hardware': 'Shelly', 'Type': 'SHPLG2-1', 'time': 60, 'rrd': 'rrd-file.rrd', 'Diagram': 'some_definitons', 'modul': 'modulname_fuer_shelly'}, 'Buero_68_C6_3A_87_FA_CE': {'Hardware': 'NODEMCU', 'Type': 'DS1820', 'time': 300, 'rrd': 'rrd-file.rrd', 'Diagram': 'some_definitons', 'modul': 'modulname_fuer_DS1820'}, 'ToF_Sensor_BC_DD_C2_24_3B_F4': {'Hardware': 'D1MINI', 'Type': 'ToF', 'time': 150, 'rrd': 'rrd-file.rrd', 'Diagram': 'some_definitons', 'modul': 'modulname_fuer_ToF'}, 'Palisade_DC_4F_22_0A_F5_52': {'Hardware': 'SONOFF_S20', 'Type': 'Switch', 'time': 150, 'rrd': 'rrd-file.rrd', 'Diagram': 'some_definitons', 'modul': 'modulname_fuer_Switch'}, 'NeuesTeil_AA_BB_CC_DD_EE_FF': {'Hardware': 'Shelly', 'Type': 'SHSWT', 'time': 150, 'rrd': 'rrd-file.rrd', 'Diagram': 'some_definitons', 'modul': 'modulname_fuer_Shelly_Switch'}}
